mode: set
github.com/mparks007/comp/circuit/adder.go:20.69,27.2 4 1
github.com/mparks007/comp/circuit/adder.go:30.32,33.2 2 1
github.com/mparks007/comp/circuit/adder.go:56.81,65.2 6 1
github.com/mparks007/comp/circuit/adder.go:68.32,72.2 3 1
github.com/mparks007/comp/circuit/adder.go:87.120,89.42 1 1
github.com/mparks007/comp/circuit/adder.go:89.42,91.3 1 1
github.com/mparks007/comp/circuit/adder.go:93.2,95.45 2 1
github.com/mparks007/comp/circuit/adder.go:95.45,99.30 2 1
github.com/mparks007/comp/circuit/adder.go:99.30,101.4 1 1
github.com/mparks007/comp/circuit/adder.go:101.9,105.4 1 1
github.com/mparks007/comp/circuit/adder.go:108.3,111.62 2 1
github.com/mparks007/comp/circuit/adder.go:115.2,117.18 2 1
github.com/mparks007/comp/circuit/adder.go:121.32,122.33 1 1
github.com/mparks007/comp/circuit/adder.go:122.33,124.3 1 1
github.com/mparks007/comp/circuit/adder.go:148.100,150.34 1 1
github.com/mparks007/comp/circuit/adder.go:150.34,152.3 1 1
github.com/mparks007/comp/circuit/adder.go:154.2,178.18 12 1
github.com/mparks007/comp/circuit/adder.go:182.39,190.2 7 1
github.com/mparks007/comp/circuit/adder.go:211.82,230.2 9 1
github.com/mparks007/comp/circuit/adder.go:233.35,239.2 5 1
github.com/mparks007/comp/circuit/charge.go:23.48,29.2 4 1
github.com/mparks007/comp/circuit/charge.go:32.53,37.35 3 1
github.com/mparks007/comp/circuit/charge.go:37.35,38.29 1 1
github.com/mparks007/comp/circuit/charge.go:38.29,40.4 1 1
github.com/mparks007/comp/circuit/charge.go:42.2,42.14 1 1
github.com/mparks007/comp/circuit/charge.go:46.34,51.2 3 1
github.com/mparks007/comp/circuit/charge.go:54.25,56.2 1 1
github.com/mparks007/comp/circuit/chargeprovider.go:9.70,16.2 5 1
github.com/mparks007/comp/circuit/chargeprovider.go:19.36,21.2 1 1
github.com/mparks007/comp/circuit/chargeprovider.go:24.39,26.2 1 1
github.com/mparks007/comp/circuit/chargesource.go:19.32,22.2 2 1
github.com/mparks007/comp/circuit/chargesource.go:25.48,33.2 6 1
github.com/mparks007/comp/circuit/chargesource.go:36.44,40.43 2 1
github.com/mparks007/comp/circuit/chargesource.go:40.43,43.3 2 1
github.com/mparks007/comp/circuit/chargesource.go:45.2,49.30 3 1
github.com/mparks007/comp/circuit/chargesource.go:49.30,52.3 2 1
github.com/mparks007/comp/circuit/chargesource.go:55.2,55.17 1 1
github.com/mparks007/comp/circuit/chargesource.go:55.17,57.3 1 1
github.com/mparks007/comp/circuit/chargesource.go:60.2,63.36 3 1
github.com/mparks007/comp/circuit/chargesource.go:63.36,65.34 2 1
github.com/mparks007/comp/circuit/chargesource.go:65.34,68.4 2 1
github.com/mparks007/comp/circuit/chargesource.go:71.2,71.13 1 1
github.com/mparks007/comp/circuit/circuit.go:36.31,37.15 1 1
github.com/mparks007/comp/circuit/circuit.go:37.15,39.3 1 0
github.com/mparks007/comp/circuit/complementer.go:11.101,15.27 2 1
github.com/mparks007/comp/circuit/complementer.go:15.27,17.3 1 1
github.com/mparks007/comp/circuit/complementer.go:19.2,19.13 1 1
github.com/mparks007/comp/circuit/complementer.go:23.39,24.34 1 1
github.com/mparks007/comp/circuit/complementer.go:24.34,26.3 1 1
github.com/mparks007/comp/circuit/gate.go:26.62,31.27 4 1
github.com/mparks007/comp/circuit/gate.go:31.27,32.13 1 1
github.com/mparks007/comp/circuit/gate.go:32.13,34.4 1 1
github.com/mparks007/comp/circuit/gate.go:34.9,36.4 1 1
github.com/mparks007/comp/circuit/gate.go:39.2,40.12 2 1
github.com/mparks007/comp/circuit/gate.go:40.12,41.7 1 1
github.com/mparks007/comp/circuit/gate.go:41.7,42.11 1 1
github.com/mparks007/comp/circuit/gate.go:43.24,46.23 2 1
github.com/mparks007/comp/circuit/gate.go:46.23,49.6 2 1
github.com/mparks007/comp/circuit/gate.go:50.23,52.11 2 1
github.com/mparks007/comp/circuit/gate.go:58.2,60.13 2 1
github.com/mparks007/comp/circuit/gate.go:64.30,65.29 1 1
github.com/mparks007/comp/circuit/gate.go:65.29,67.3 1 1
github.com/mparks007/comp/circuit/gate.go:68.2,68.18 1 1
github.com/mparks007/comp/circuit/gate.go:87.60,101.27 9 1
github.com/mparks007/comp/circuit/gate.go:101.27,106.61 4 1
github.com/mparks007/comp/circuit/gate.go:106.61,107.8 1 1
github.com/mparks007/comp/circuit/gate.go:107.8,108.12 1 1
github.com/mparks007/comp/circuit/gate.go:109.25,113.24 2 1
github.com/mparks007/comp/circuit/gate.go:113.24,118.58 2 1
github.com/mparks007/comp/circuit/gate.go:118.58,128.8 7 1
github.com/mparks007/comp/circuit/gate.go:128.13,130.8 1 1
github.com/mparks007/comp/circuit/gate.go:132.7,136.18 3 1
github.com/mparks007/comp/circuit/gate.go:136.18,138.8 1 1
github.com/mparks007/comp/circuit/gate.go:138.13,142.45 3 1
github.com/mparks007/comp/circuit/gate.go:142.45,144.73 1 1
github.com/mparks007/comp/circuit/gate.go:144.73,147.15 3 1
github.com/mparks007/comp/circuit/gate.go:148.15,150.10 1 1
github.com/mparks007/comp/circuit/gate.go:153.7,159.19 4 1
github.com/mparks007/comp/circuit/gate.go:159.19,162.8 2 1
github.com/mparks007/comp/circuit/gate.go:163.7,163.15 1 1
github.com/mparks007/comp/circuit/gate.go:165.19,167.12 2 1
github.com/mparks007/comp/circuit/gate.go:173.3,173.47 1 1
github.com/mparks007/comp/circuit/gate.go:176.2,176.13 1 1
github.com/mparks007/comp/circuit/gate.go:180.29,181.26 1 1
github.com/mparks007/comp/circuit/gate.go:181.26,184.3 2 1
github.com/mparks007/comp/circuit/gate.go:203.64,217.27 9 1
github.com/mparks007/comp/circuit/gate.go:217.27,222.61 4 1
github.com/mparks007/comp/circuit/gate.go:222.61,223.8 1 1
github.com/mparks007/comp/circuit/gate.go:223.8,224.12 1 1
github.com/mparks007/comp/circuit/gate.go:225.25,229.24 2 1
github.com/mparks007/comp/circuit/gate.go:229.24,234.58 2 1
github.com/mparks007/comp/circuit/gate.go:234.58,244.8 7 1
github.com/mparks007/comp/circuit/gate.go:244.13,246.8 1 0
github.com/mparks007/comp/circuit/gate.go:248.7,252.18 3 1
github.com/mparks007/comp/circuit/gate.go:252.18,254.8 1 1
github.com/mparks007/comp/circuit/gate.go:254.13,258.45 3 1
github.com/mparks007/comp/circuit/gate.go:258.45,260.73 1 1
github.com/mparks007/comp/circuit/gate.go:260.73,263.15 3 1
github.com/mparks007/comp/circuit/gate.go:264.15,266.10 1 1
github.com/mparks007/comp/circuit/gate.go:269.7,275.19 4 1
github.com/mparks007/comp/circuit/gate.go:275.19,278.8 2 1
github.com/mparks007/comp/circuit/gate.go:279.7,279.15 1 1
github.com/mparks007/comp/circuit/gate.go:281.19,283.12 2 1
github.com/mparks007/comp/circuit/gate.go:289.3,289.45 1 1
github.com/mparks007/comp/circuit/gate.go:292.2,292.13 1 1
github.com/mparks007/comp/circuit/gate.go:296.31,297.26 1 1
github.com/mparks007/comp/circuit/gate.go:297.26,300.3 2 1
github.com/mparks007/comp/circuit/gate.go:318.62,323.27 4 1
github.com/mparks007/comp/circuit/gate.go:323.27,324.13 1 1
github.com/mparks007/comp/circuit/gate.go:324.13,326.4 1 1
github.com/mparks007/comp/circuit/gate.go:326.9,328.4 1 1
github.com/mparks007/comp/circuit/gate.go:331.2,332.12 2 1
github.com/mparks007/comp/circuit/gate.go:332.12,333.7 1 1
github.com/mparks007/comp/circuit/gate.go:333.7,334.11 1 1
github.com/mparks007/comp/circuit/gate.go:335.24,338.23 2 1
github.com/mparks007/comp/circuit/gate.go:338.23,341.6 2 1
github.com/mparks007/comp/circuit/gate.go:342.23,344.11 2 1
github.com/mparks007/comp/circuit/gate.go:350.2,352.13 2 1
github.com/mparks007/comp/circuit/gate.go:356.30,357.29 1 1
github.com/mparks007/comp/circuit/gate.go:357.29,359.3 1 1
github.com/mparks007/comp/circuit/gate.go:360.2,360.18 1 1
github.com/mparks007/comp/circuit/gate.go:379.65,389.12 8 1
github.com/mparks007/comp/circuit/gate.go:389.12,390.7 1 1
github.com/mparks007/comp/circuit/gate.go:390.7,391.11 1 1
github.com/mparks007/comp/circuit/gate.go:392.24,395.23 2 1
github.com/mparks007/comp/circuit/gate.go:395.23,398.6 2 1
github.com/mparks007/comp/circuit/gate.go:399.23,401.11 2 1
github.com/mparks007/comp/circuit/gate.go:407.2,409.13 2 1
github.com/mparks007/comp/circuit/gate.go:413.30,418.2 4 1
github.com/mparks007/comp/circuit/gate.go:436.67,445.12 7 1
github.com/mparks007/comp/circuit/gate.go:445.12,446.7 1 1
github.com/mparks007/comp/circuit/gate.go:446.7,447.11 1 1
github.com/mparks007/comp/circuit/gate.go:448.24,451.23 2 1
github.com/mparks007/comp/circuit/gate.go:451.23,454.6 2 1
github.com/mparks007/comp/circuit/gate.go:455.23,457.11 2 1
github.com/mparks007/comp/circuit/gate.go:463.2,465.13 2 1
github.com/mparks007/comp/circuit/gate.go:469.31,473.2 3 1
github.com/mparks007/comp/circuit/inverter.go:17.60,26.12 7 1
github.com/mparks007/comp/circuit/inverter.go:26.12,27.7 1 1
github.com/mparks007/comp/circuit/inverter.go:27.7,28.11 1 1
github.com/mparks007/comp/circuit/inverter.go:29.24,32.13 3 1
github.com/mparks007/comp/circuit/inverter.go:33.22,35.11 2 1
github.com/mparks007/comp/circuit/inverter.go:41.2,43.12 2 1
github.com/mparks007/comp/circuit/inverter.go:47.33,50.2 2 1
github.com/mparks007/comp/circuit/latch.go:25.71,38.2 8 1
github.com/mparks007/comp/circuit/latch.go:41.33,46.2 4 1
github.com/mparks007/comp/circuit/latch.go:65.108,80.2 8 1
github.com/mparks007/comp/circuit/latch.go:83.47,88.2 4 1
github.com/mparks007/comp/circuit/latch.go:97.133,100.39 2 1
github.com/mparks007/comp/circuit/latch.go:100.39,105.3 2 1
github.com/mparks007/comp/circuit/latch.go:107.2,107.14 1 1
github.com/mparks007/comp/circuit/latch.go:111.51,112.30 1 1
github.com/mparks007/comp/circuit/latch.go:112.30,114.3 1 1
github.com/mparks007/comp/circuit/latch.go:138.134,155.2 9 1
github.com/mparks007/comp/circuit/latch.go:158.56,164.2 5 1
github.com/mparks007/comp/circuit/latch.go:174.159,177.39 2 1
github.com/mparks007/comp/circuit/latch.go:177.39,182.3 2 1
github.com/mparks007/comp/circuit/latch.go:184.2,184.14 1 1
github.com/mparks007/comp/circuit/latch.go:188.60,189.30 1 1
github.com/mparks007/comp/circuit/latch.go:189.30,191.3 1 1
github.com/mparks007/comp/circuit/latch.go:214.106,232.2 10 1
github.com/mparks007/comp/circuit/latch.go:235.46,242.2 6 1
github.com/mparks007/comp/circuit/latch.go:255.83,267.2 7 1
github.com/mparks007/comp/circuit/latch.go:270.39,273.2 2 1
github.com/mparks007/comp/circuit/latch.go:283.95,286.33 2 1
github.com/mparks007/comp/circuit/latch.go:286.33,289.18 2 1
github.com/mparks007/comp/circuit/latch.go:289.18,291.4 1 1
github.com/mparks007/comp/circuit/latch.go:291.9,293.4 1 1
github.com/mparks007/comp/circuit/latch.go:296.3,299.58 2 1
github.com/mparks007/comp/circuit/latch.go:302.2,302.15 1 1
github.com/mparks007/comp/circuit/latch.go:306.40,307.31 1 1
github.com/mparks007/comp/circuit/latch.go:307.31,309.3 1 1
github.com/mparks007/comp/circuit/latch.go:337.161,369.2 20 1
github.com/mparks007/comp/circuit/latch.go:372.64,385.2 12 1
github.com/mparks007/comp/circuit/oscillator.go:15.61,24.2 6 1
github.com/mparks007/comp/circuit/oscillator.go:27.43,30.12 2 1
github.com/mparks007/comp/circuit/oscillator.go:30.12,32.7 2 1
github.com/mparks007/comp/circuit/oscillator.go:32.7,33.11 1 1
github.com/mparks007/comp/circuit/oscillator.go:34.18,36.58 2 1
github.com/mparks007/comp/circuit/oscillator.go:37.20,41.11 4 1
github.com/mparks007/comp/circuit/oscillator.go:48.29,49.28 1 1
github.com/mparks007/comp/circuit/oscillator.go:49.28,51.3 1 1
github.com/mparks007/comp/circuit/relay.go:23.61,42.29 12 1
github.com/mparks007/comp/circuit/relay.go:42.29,52.3 6 1
github.com/mparks007/comp/circuit/relay.go:55.2,55.12 1 1
github.com/mparks007/comp/circuit/relay.go:55.12,56.7 1 1
github.com/mparks007/comp/circuit/relay.go:56.7,57.11 1 1
github.com/mparks007/comp/circuit/relay.go:58.26,62.13 4 1
github.com/mparks007/comp/circuit/relay.go:63.23,65.11 2 1
github.com/mparks007/comp/circuit/relay.go:69.2,69.12 1 1
github.com/mparks007/comp/circuit/relay.go:69.12,70.7 1 1
github.com/mparks007/comp/circuit/relay.go:70.7,71.11 1 1
github.com/mparks007/comp/circuit/relay.go:72.26,76.13 4 1
github.com/mparks007/comp/circuit/relay.go:77.23,79.11 2 1
github.com/mparks007/comp/circuit/relay.go:84.2,87.12 3 1
github.com/mparks007/comp/circuit/relay.go:91.28,94.2 2 1
github.com/mparks007/comp/circuit/selector.go:22.118,24.30 1 1
github.com/mparks007/comp/circuit/selector.go:24.30,26.3 1 1
github.com/mparks007/comp/circuit/selector.go:28.2,30.23 2 1
github.com/mparks007/comp/circuit/selector.go:30.23,35.3 4 1
github.com/mparks007/comp/circuit/selector.go:37.2,37.17 1 1
github.com/mparks007/comp/circuit/selector.go:41.39,42.25 1 1
github.com/mparks007/comp/circuit/selector.go:42.25,47.3 4 1
github.com/mparks007/comp/circuit/subtractor.go:14.107,16.45 1 1
github.com/mparks007/comp/circuit/subtractor.go:16.45,18.3 1 1
github.com/mparks007/comp/circuit/subtractor.go:20.2,28.17 6 1
github.com/mparks007/comp/circuit/subtractor.go:32.37,35.2 2 1
github.com/mparks007/comp/circuit/switch.go:16.54,26.12 7 1
github.com/mparks007/comp/circuit/switch.go:26.12,27.7 1 1
github.com/mparks007/comp/circuit/switch.go:27.7,28.11 1 1
github.com/mparks007/comp/circuit/switch.go:29.24,32.13 3 1
github.com/mparks007/comp/circuit/switch.go:33.21,35.11 2 1
github.com/mparks007/comp/circuit/switch.go:41.2,43.11 2 1
github.com/mparks007/comp/circuit/switch.go:47.30,50.2 2 1
github.com/mparks007/comp/circuit/switch.go:53.38,54.14 1 1
github.com/mparks007/comp/circuit/switch.go:54.14,56.3 1 1
github.com/mparks007/comp/circuit/switch.go:56.8,58.3 1 1
github.com/mparks007/comp/circuit/switch.go:67.69,70.16 2 1
github.com/mparks007/comp/circuit/switch.go:70.16,72.3 1 0
github.com/mparks007/comp/circuit/switch.go:73.2,73.12 1 1
github.com/mparks007/comp/circuit/switch.go:73.12,76.3 2 1
github.com/mparks007/comp/circuit/switch.go:78.2,81.27 2 1
github.com/mparks007/comp/circuit/switch.go:81.27,83.3 1 1
github.com/mparks007/comp/circuit/switch.go:85.2,85.16 1 1
github.com/mparks007/comp/circuit/switch.go:89.51,91.2 1 1
github.com/mparks007/comp/circuit/switch.go:94.49,95.25 1 1
github.com/mparks007/comp/circuit/switch.go:95.25,97.3 1 1
github.com/mparks007/comp/circuit/switch.go:101.35,102.33 1 1
github.com/mparks007/comp/circuit/switch.go:102.33,104.3 1 1
github.com/mparks007/comp/circuit/wire.go:22.33,32.12 7 1
github.com/mparks007/comp/circuit/wire.go:32.12,33.7 1 1
github.com/mparks007/comp/circuit/wire.go:33.7,34.11 1 1
github.com/mparks007/comp/circuit/wire.go:35.24,37.23 2 1
github.com/mparks007/comp/circuit/wire.go:37.23,40.6 2 1
github.com/mparks007/comp/circuit/wire.go:41.20,43.11 2 1
github.com/mparks007/comp/circuit/wire.go:48.2,48.10 1 1
github.com/mparks007/comp/circuit/wire.go:52.27,54.2 1 1
github.com/mparks007/comp/circuit/wire.go:57.40,59.2 1 1
github.com/mparks007/comp/circuit/wire.go:62.26,63.17 1 1
github.com/mparks007/comp/circuit/wire.go:63.17,66.3 2 1
github.com/mparks007/comp/circuit/wire.go:70.39,82.2 7 1
github.com/mparks007/comp/circuit/wire.go:85.35,89.42 2 1
github.com/mparks007/comp/circuit/wire.go:89.42,92.3 2 1
github.com/mparks007/comp/circuit/wire.go:94.2,98.29 3 1
github.com/mparks007/comp/circuit/wire.go:98.29,101.3 2 1
github.com/mparks007/comp/circuit/wire.go:104.2,104.17 1 1
github.com/mparks007/comp/circuit/wire.go:104.17,106.3 1 1
github.com/mparks007/comp/circuit/wire.go:109.2,112.35 3 1
github.com/mparks007/comp/circuit/wire.go:112.35,116.34 3 1
github.com/mparks007/comp/circuit/wire.go:116.34,119.4 2 1
github.com/mparks007/comp/circuit/wire.go:122.2,122.13 1 1
github.com/mparks007/comp/circuit/wire.go:131.59,135.35 2 1
github.com/mparks007/comp/circuit/wire.go:135.35,137.3 1 1
github.com/mparks007/comp/circuit/wire.go:139.2,139.12 1 1
github.com/mparks007/comp/circuit/wire.go:143.34,144.28 1 1
github.com/mparks007/comp/circuit/wire.go:144.28,146.3 1 1
github.com/mparks007/comp/circuit/wire.go:150.58,151.31 1 1
github.com/mparks007/comp/circuit/wire.go:151.31,153.3 1 1
